<?xml version='1.0' encoding='UTF-8'?>
<testsuite hostname="DESKTOP-O3D1S9E" name="samples.ListSuite" tests="3" errors="0" failures="0" skipped="0" time="0.031" timestamp="2021-06-24T15:09:46">
          <properties>
[...]
</properties>
          <testcase classname="samples.ListSuite" name="An empty list should be empty" time="0.031">
                      
                    </testcase><testcase classname="samples.ListSuite" name="A non-empty list should not be empty" time="0.0">
                      
                    </testcase><testcase classname="samples.ListSuite" name="A list's length should equal the number of elements it contains" time="0.0">
                      
                    </testcase>
          <system-out><![CDATA[]]></system-out>
          <system-err><![CDATA[]]></system-err>
        </testsuite>